<?xml version="1.0" encoding="UTF-8"?>
<testng-results skipped="0" failed="0" ignored="0" total="0" passed="0">
  <reporter-output>
  </reporter-output>
  <suite name="aspire_auto.utils.log4j.TestSourcesModel" duration-ms="16" started-at="2020-11-30T12:21:14Z" finished-at="2020-11-30T12:21:14Z">
    <groups>
    </groups>
    <test name="Command line test" duration-ms="16" started-at="2020-11-30T12:21:14Z" finished-at="2020-11-30T12:21:14Z">
    </test> <!-- Command line test -->
  </suite> <!-- aspire_auto.utils.log4j.TestSourcesModel -->
</testng-results>
